#
# There is insufficient memory for the Java Runtime Environment to continue.
# Native memory allocation (malloc) failed to allocate 520976 bytes for Chunk::new
# Possible reasons:
#   The system is out of physical RAM or swap space
#   The process is running with CompressedOops enabled, and the Java Heap may be blocking the growth of the native heap
# Possible solutions:
#   Reduce memory load on the system
#   Increase physical memory or swap space
#   Check if swap backing store is full
#   Decrease Java heap size (-Xmx/-Xms)
#   Decrease number of Java threads
#   Decrease Java thread stack sizes (-Xss)
#   Set larger code cache with -XX:ReservedCodeCacheSize=
#   JVM is running with Unscaled Compressed Oops mode in which the Java heap is
#     placed in the first 4GB address space. The Java Heap base address is the
#     maximum limit for the native heap growth. Please use -XX:HeapBaseMinAddress
#     to set the Java Heap base and to place the Java Heap above 4GB virtual address.
# This output file may be truncated or incomplete.
#
#  Out of Memory Error (arena.cpp:184), pid=40124, tid=40868
#
# JRE version: Java(TM) SE Runtime Environment (19.0.2+7) (build 19.0.2+7-44)
# Java VM: Java HotSpot(TM) 64-Bit Server VM (19.0.2+7-44, mixed mode, sharing, tiered, compressed oops, compressed class ptrs, g1 gc, windows-amd64)
# No core dump will be written. Minidumps are not enabled by default on client versions of Windows
#

---------------  S U M M A R Y ------------

Command Line: -Dfile.encoding=UTF-8 --module-path=C:\Users\wjdth\git\1st-project\project\bin -XX:+ShowCodeDetailsInExceptionMessages -Djdk.module.main=project project/mainsearch.MainFrame2

Host: 11th Gen Intel(R) Core(TM) i5-1135G7 @ 2.40GHz, 8 cores, 7G,  Windows 11 , 64 bit Build 22621 (10.0.22621.1485)
Time: Tue May  9 00:41:53 2023  Windows 11 , 64 bit Build 22621 (10.0.22621.1485) elapsed time: 0.791758 seconds (0d 0h 0m 0s)

---------------  T H R E A D  ---------------

Current thread (0x0000022ea00e3df0):  JavaThread "C2 CompilerThread0" daemon [_thread_in_native, id=40868, stack(0x000000fd8f200000,0x000000fd8f300000)]


Current CompileTask:
C2:    792  702 % !   4       sun.awt.image.PNGImageDecoder::produceImage @ 960 (1917 bytes)

Stack: [0x000000fd8f200000,0x000000fd8f300000]
Native frames: (J=compiled Java code, j=interpreted, Vv=VM code, C=native code)
V  [jvm.dll+0x6ee21a]
V  [jvm.dll+0x85765e]
V  [jvm.dll+0x85904e]
V  [jvm.dll+0x859703]
V  [jvm.dll+0x28298f]
V  [jvm.dll+0xc9adf]
V  [jvm.dll+0xc9e65]
V  [jvm.dll+0x3bca4c]
V  [jvm.dll+0x1ee29a]
V  [jvm.dll+0x24c52b]
V  [jvm.dll+0x24b781]
V  [jvm.dll+0x1d6ce1]
V  [jvm.dll+0x25b25a]
V  [jvm.dll+0x2596e8]
V  [jvm.dll+0x807588]
V  [jvm.dll+0x80125a]
V  [jvm.dll+0x6ecf0b]
C  [ucrtbase.dll+0x29363]
C  [KERNEL32.DLL+0x1269d]
C  [ntdll.dll+0x5a9f8]


---------------  P R O C E S S  ---------------

Threads class SMR info:
_java_thread_list=0x0000022ea47518d0, length=16, elements={
0x0000022effe873c0, 0x0000022ea00c6c90, 0x0000022ea00c8f10, 0x0000022ea00cc5e0,
0x0000022ea00cd000, 0x0000022ea00ce500, 0x0000022ea00e1df0, 0x0000022ea00e3df0,
0x0000022ea00e52b0, 0x0000022ea00df8c0, 0x0000022ea00e2340, 0x0000022ea00dee20,
0x0000022ea00dfe10, 0x0000022ea00e0360, 0x0000022ea00df370, 0x0000022ea00e08b0
}

Java Threads: ( => current thread )
  0x0000022effe873c0 JavaThread "main" [_thread_blocked, id=40436, stack(0x000000fd8e500000,0x000000fd8e600000)]
  0x0000022ea00c6c90 JavaThread "Reference Handler" daemon [_thread_blocked, id=40468, stack(0x000000fd8ec00000,0x000000fd8ed00000)]
  0x0000022ea00c8f10 JavaThread "Finalizer" daemon [_thread_blocked, id=40424, stack(0x000000fd8ed00000,0x000000fd8ee00000)]
  0x0000022ea00cc5e0 JavaThread "Signal Dispatcher" daemon [_thread_blocked, id=40472, stack(0x000000fd8ee00000,0x000000fd8ef00000)]
  0x0000022ea00cd000 JavaThread "Attach Listener" daemon [_thread_blocked, id=40888, stack(0x000000fd8ef00000,0x000000fd8f000000)]
  0x0000022ea00ce500 JavaThread "Service Thread" daemon [_thread_blocked, id=40452, stack(0x000000fd8f000000,0x000000fd8f100000)]
  0x0000022ea00e1df0 JavaThread "Monitor Deflation Thread" daemon [_thread_blocked, id=40872, stack(0x000000fd8f100000,0x000000fd8f200000)]
=>0x0000022ea00e3df0 JavaThread "C2 CompilerThread0" daemon [_thread_in_native, id=40868, stack(0x000000fd8f200000,0x000000fd8f300000)]
  0x0000022ea00e52b0 JavaThread "C1 CompilerThread0" daemon [_thread_blocked, id=40484, stack(0x000000fd8f300000,0x000000fd8f400000)]
  0x0000022ea00df8c0 JavaThread "Sweeper thread" daemon [_thread_blocked, id=40876, stack(0x000000fd8f400000,0x000000fd8f500000)]
  0x0000022ea00e2340 JavaThread "Common-Cleaner" daemon [_thread_blocked, id=40488, stack(0x000000fd8f500000,0x000000fd8f600000)]
  0x0000022ea00dee20 JavaThread "Notification Thread" daemon [_thread_blocked, id=40456, stack(0x000000fd8f600000,0x000000fd8f700000)]
  0x0000022ea00dfe10 JavaThread "Java2D Disposer" daemon [_thread_blocked, id=40448, stack(0x000000fd8f800000,0x000000fd8f900000)]
  0x0000022ea00e0360 JavaThread "AWT-Shutdown" [_thread_blocked, id=40848, stack(0x000000fd8f900000,0x000000fd8fa00000)]
  0x0000022ea00df370 JavaThread "AWT-Windows" daemon [_thread_in_native, id=40232, stack(0x000000fd8fa00000,0x000000fd8fb00000)]
  0x0000022ea00e08b0 JavaThread "Image Fetcher 0" daemon [_thread_in_native, id=40240, stack(0x000000fd8fb00000,0x000000fd8fc00000)]

Other Threads:
  0x0000022ea00a2910 VMThread "VM Thread" [stack: 0x000000fd8eb00000,0x000000fd8ec00000] [id=40460]
  0x0000022ea44da2d0 WatcherThread "VM Periodic Task Thread" [stack: 0x000000fd8f700000,0x000000fd8f800000] [id=40504]
  0x0000022effee6ef0 WorkerThread "GC Thread#0" [stack: 0x000000fd8e600000,0x000000fd8e700000] [id=40852]
  0x0000022effef75d0 ConcurrentGCThread "G1 Main Marker" [stack: 0x000000fd8e700000,0x000000fd8e800000] [id=40828]
  0x0000022effef8aa0 WorkerThread "G1 Conc#0" [stack: 0x000000fd8e800000,0x000000fd8e900000] [id=40444]
  0x0000022efff4e740 ConcurrentGCThread "G1 Refine#0" [stack: 0x000000fd8e900000,0x000000fd8ea00000] [id=40464]
  0x0000022e9ff5f320 ConcurrentGCThread "G1 Service" [stack: 0x000000fd8ea00000,0x000000fd8eb00000] [id=40440]

Threads with active compile tasks:
C2 CompilerThread0      873  702 % !   4       sun.awt.image.PNGImageDecoder::produceImage @ 960 (1917 bytes)

VM state: not at safepoint (normal execution)

VM Mutex/Monitor currently owned by a thread: None

Heap address: 0x0000000084400000, size: 1980 MB, Compressed Oops mode: 32-bit

CDS archive(s) mapped at: [0x0000000800000000-0x0000000800c40000-0x0000000800c40000), size 12845056, SharedBaseAddress: 0x0000000800000000, ArchiveRelocationMode: 0.
Compressed class space mapped at: 0x0000000801000000-0x0000000841000000, reserved size: 1073741824
Narrow klass base: 0x0000000800000000, Narrow klass shift: 0, Narrow klass range: 0x100000000

GC Precious Log:
 CardTable entry size: 512
 Card Set container configuration: InlinePtr #cards 5 size 8 Array Of Cards #cards 12 size 40 Howl #buckets 4 coarsen threshold 1843 Howl Bitmap #cards 512 size 80 coarsen threshold 460 Card regions per heap region 1 cards per card region 2048
 CPUs: 8 total, 8 available
 Memory: 7915M
 Large Page Support: Disabled
 NUMA Support: Disabled
 Compressed Oops: Enabled (32-bit)
 Heap Region Size: 1M
 Heap Min Capacity: 8M
 Heap Initial Capacity: 124M
 Heap Max Capacity: 1980M
 Pre-touch: Disabled
 Parallel Workers: 8
 Concurrent Workers: 2
 Concurrent Refinement Workers: 8
 Periodic GC: Disabled

Heap:
 garbage-first heap   total 126976K, used 35840K [0x0000000084400000, 0x0000000100000000)
  region size 1024K, 20 young (20480K), 0 survivors (0K)
 Metaspace       used 5080K, committed 5312K, reserved 1114112K
  class space    used 524K, committed 640K, reserved 1048576K

Heap Regions: E=young(eden), S=young(survivor), O=old, HS=humongous(starts), HC=humongous(continues), CS=collection set, F=free, OA=open archive, CA=closed archive, TAMS=top-at-mark-start (previous, next)
|   0|0x0000000084400000, 0x0000000084500000, 0x0000000084500000|100%|HS|  |TAMS 0x0000000084400000, 0x0000000084400000| Complete 
|   1|0x0000000084500000, 0x0000000084600000, 0x0000000084600000|100%|HC|  |TAMS 0x0000000084500000, 0x0000000084500000| Complete 
|   2|0x0000000084600000, 0x0000000084700000, 0x0000000084700000|100%|HC|  |TAMS 0x0000000084600000, 0x0000000084600000| Complete 
|   3|0x0000000084700000, 0x0000000084800000, 0x0000000084800000|100%|HC|  |TAMS 0x0000000084700000, 0x0000000084700000| Complete 
|   4|0x0000000084800000, 0x0000000084900000, 0x0000000084900000|100%|HC|  |TAMS 0x0000000084800000, 0x0000000084800000| Complete 
|   5|0x0000000084900000, 0x0000000084a00000, 0x0000000084a00000|100%|HC|  |TAMS 0x0000000084900000, 0x0000000084900000| Complete 
|   6|0x0000000084a00000, 0x0000000084b00000, 0x0000000084b00000|100%|HC|  |TAMS 0x0000000084a00000, 0x0000000084a00000| Complete 
|   7|0x0000000084b00000, 0x0000000084c00000, 0x0000000084c00000|100%|HC|  |TAMS 0x0000000084b00000, 0x0000000084b00000| Complete 
|   8|0x0000000084c00000, 0x0000000084d00000, 0x0000000084d00000|100%|HC|  |TAMS 0x0000000084c00000, 0x0000000084c00000| Complete 
|   9|0x0000000084d00000, 0x0000000084e00000, 0x0000000084e00000|100%|HC|  |TAMS 0x0000000084d00000, 0x0000000084d00000| Complete 
|  10|0x0000000084e00000, 0x0000000084f00000, 0x0000000084f00000|100%|HC|  |TAMS 0x0000000084e00000, 0x0000000084e00000| Complete 
|  11|0x0000000084f00000, 0x0000000085000000, 0x0000000085000000|100%|HC|  |TAMS 0x0000000084f00000, 0x0000000084f00000| Complete 
|  12|0x0000000085000000, 0x0000000085100000, 0x0000000085100000|100%|HC|  |TAMS 0x0000000085000000, 0x0000000085000000| Complete 
|  13|0x0000000085100000, 0x0000000085200000, 0x0000000085200000|100%|HC|  |TAMS 0x0000000085100000, 0x0000000085100000| Complete 
|  14|0x0000000085200000, 0x0000000085300000, 0x0000000085300000|100%|HC|  |TAMS 0x0000000085200000, 0x0000000085200000| Complete 
|  15|0x0000000085300000, 0x0000000085400000, 0x0000000085400000|100%|HC|  |TAMS 0x0000000085300000, 0x0000000085300000| Complete 
|  16|0x0000000085400000, 0x0000000085500000, 0x0000000085500000|100%|HC|  |TAMS 0x0000000085400000, 0x0000000085400000| Complete 
|  17|0x0000000085500000, 0x0000000085500000, 0x0000000085600000|  0%| F|  |TAMS 0x0000000085500000, 0x0000000085500000| Untracked 
|  18|0x0000000085600000, 0x0000000085600000, 0x0000000085700000|  0%| F|  |TAMS 0x0000000085600000, 0x0000000085600000| Untracked 
|  19|0x0000000085700000, 0x0000000085700000, 0x0000000085800000|  0%| F|  |TAMS 0x0000000085700000, 0x0000000085700000| Untracked 
|  20|0x0000000085800000, 0x0000000085800000, 0x0000000085900000|  0%| F|  |TAMS 0x0000000085800000, 0x0000000085800000| Untracked 
|  21|0x0000000085900000, 0x0000000085900000, 0x0000000085a00000|  0%| F|  |TAMS 0x0000000085900000, 0x0000000085900000| Untracked 
|  22|0x0000000085a00000, 0x0000000085a00000, 0x0000000085b00000|  0%| F|  |TAMS 0x0000000085a00000, 0x0000000085a00000| Untracked 
|  23|0x0000000085b00000, 0x0000000085b00000, 0x0000000085c00000|  0%| F|  |TAMS 0x0000000085b00000, 0x0000000085b00000| Untracked 
|  24|0x0000000085c00000, 0x0000000085c00000, 0x0000000085d00000|  0%| F|  |TAMS 0x0000000085c00000, 0x0000000085c00000| Untracked 
|  25|0x0000000085d00000, 0x0000000085d00000, 0x0000000085e00000|  0%| F|  |TAMS 0x0000000085d00000, 0x0000000085d00000| Untracked 
|  26|0x0000000085e00000, 0x0000000085e00000, 0x0000000085f00000|  0%| F|  |TAMS 0x0000000085e00000, 0x0000000085e00000| Untracked 
|  27|0x0000000085f00000, 0x0000000085f00000, 0x0000000086000000|  0%| F|  |TAMS 0x0000000085f00000, 0x0000000085f00000| Untracked 
|  28|0x0000000086000000, 0x0000000086000000, 0x0000000086100000|  0%| F|  |TAMS 0x0000000086000000, 0x0000000086000000| Untracked 
|  29|0x0000000086100000, 0x0000000086100000, 0x0000000086200000|  0%| F|  |TAMS 0x0000000086100000, 0x0000000086100000| Untracked 
|  30|0x0000000086200000, 0x0000000086200000, 0x0000000086300000|  0%| F|  |TAMS 0x0000000086200000, 0x0000000086200000| Untracked 
|  31|0x0000000086300000, 0x0000000086300000, 0x0000000086400000|  0%| F|  |TAMS 0x0000000086300000, 0x0000000086300000| Untracked 
|  32|0x0000000086400000, 0x0000000086400000, 0x0000000086500000|  0%| F|  |TAMS 0x0000000086400000, 0x0000000086400000| Untracked 
|  33|0x0000000086500000, 0x0000000086500000, 0x0000000086600000|  0%| F|  |TAMS 0x0000000086500000, 0x0000000086500000| Untracked 
|  34|0x0000000086600000, 0x0000000086600000, 0x0000000086700000|  0%| F|  |TAMS 0x0000000086600000, 0x0000000086600000| Untracked 
|  35|0x0000000086700000, 0x0000000086700000, 0x0000000086800000|  0%| F|  |TAMS 0x0000000086700000, 0x0000000086700000| Untracked 
|  36|0x0000000086800000, 0x0000000086800000, 0x0000000086900000|  0%| F|  |TAMS 0x0000000086800000, 0x0000000086800000| Untracked 
|  37|0x0000000086900000, 0x0000000086900000, 0x0000000086a00000|  0%| F|  |TAMS 0x0000000086900000, 0x0000000086900000| Untracked 
|  38|0x0000000086a00000, 0x0000000086a00000, 0x0000000086b00000|  0%| F|  |TAMS 0x0000000086a00000, 0x0000000086a00000| Untracked 
|  39|0x0000000086b00000, 0x0000000086b00000, 0x0000000086c00000|  0%| F|  |TAMS 0x0000000086b00000, 0x0000000086b00000| Untracked 
|  40|0x0000000086c00000, 0x0000000086c00000, 0x0000000086d00000|  0%| F|  |TAMS 0x0000000086c00000, 0x0000000086c00000| Untracked 
|  41|0x0000000086d00000, 0x0000000086d00000, 0x0000000086e00000|  0%| F|  |TAMS 0x0000000086d00000, 0x0000000086d00000| Untracked 
|  42|0x0000000086e00000, 0x0000000086e00000, 0x0000000086f00000|  0%| F|  |TAMS 0x0000000086e00000, 0x0000000086e00000| Untracked 
|  43|0x0000000086f00000, 0x0000000086f00000, 0x0000000087000000|  0%| F|  |TAMS 0x0000000086f00000, 0x0000000086f00000| Untracked 
|  44|0x0000000087000000, 0x0000000087000000, 0x0000000087100000|  0%| F|  |TAMS 0x0000000087000000, 0x0000000087000000| Untracked 
|  45|0x0000000087100000, 0x0000000087100000, 0x0000000087200000|  0%| F|  |TAMS 0x0000000087100000, 0x0000000087100000| Untracked 
|  46|0x0000000087200000, 0x0000000087200000, 0x0000000087300000|  0%| F|  |TAMS 0x0000000087200000, 0x0000000087200000| Untracked 
|  47|0x0000000087300000, 0x0000000087300000, 0x0000000087400000|  0%| F|  |TAMS 0x0000000087300000, 0x0000000087300000| Untracked 
|  48|0x0000000087400000, 0x0000000087400000, 0x0000000087500000|  0%| F|  |TAMS 0x0000000087400000, 0x0000000087400000| Untracked 
|  49|0x0000000087500000, 0x0000000087500000, 0x0000000087600000|  0%| F|  |TAMS 0x0000000087500000, 0x0000000087500000| Untracked 
|  50|0x0000000087600000, 0x0000000087600000, 0x0000000087700000|  0%| F|  |TAMS 0x0000000087600000, 0x0000000087600000| Untracked 
|  51|0x0000000087700000, 0x0000000087700000, 0x0000000087800000|  0%| F|  |TAMS 0x0000000087700000, 0x0000000087700000| Untracked 
|  52|0x0000000087800000, 0x0000000087800000, 0x0000000087900000|  0%| F|  |TAMS 0x0000000087800000, 0x0000000087800000| Untracked 
|  53|0x0000000087900000, 0x0000000087900000, 0x0000000087a00000|  0%| F|  |TAMS 0x0000000087900000, 0x0000000087900000| Untracked 
|  54|0x0000000087a00000, 0x0000000087a00000, 0x0000000087b00000|  0%| F|  |TAMS 0x0000000087a00000, 0x0000000087a00000| Untracked 
|  55|0x0000000087b00000, 0x0000000087b00000, 0x0000000087c00000|  0%| F|  |TAMS 0x0000000087b00000, 0x0000000087b00000| Untracked 
|  56|0x0000000087c00000, 0x0000000087c00000, 0x0000000087d00000|  0%| F|  |TAMS 0x0000000087c00000, 0x0000000087c00000| Untracked 
|  57|0x0000000087d00000, 0x0000000087d00000, 0x0000000087e00000|  0%| F|  |TAMS 0x0000000087d00000, 0x0000000087d00000| Untracked 
|  58|0x0000000087e00000, 0x0000000087e00000, 0x0000000087f00000|  0%| F|  |TAMS 0x0000000087e00000, 0x0000000087e00000| Untracked 
|  59|0x0000000087f00000, 0x0000000087f00000, 0x0000000088000000|  0%| F|  |TAMS 0x0000000087f00000, 0x0000000087f00000| Untracked 
|  60|0x0000000088000000, 0x0000000088000000, 0x0000000088100000|  0%| F|  |TAMS 0x0000000088000000, 0x0000000088000000| Untracked 
|  61|0x0000000088100000, 0x0000000088100000, 0x0000000088200000|  0%| F|  |TAMS 0x0000000088100000, 0x0000000088100000| Untracked 
|  62|0x0000000088200000, 0x0000000088200000, 0x0000000088300000|  0%| F|  |TAMS 0x0000000088200000, 0x0000000088200000| Untracked 
|  63|0x0000000088300000, 0x0000000088300000, 0x0000000088400000|  0%| F|  |TAMS 0x0000000088300000, 0x0000000088300000| Untracked 
|  64|0x0000000088400000, 0x0000000088400000, 0x0000000088500000|  0%| F|  |TAMS 0x0000000088400000, 0x0000000088400000| Untracked 
|  65|0x0000000088500000, 0x0000000088500000, 0x0000000088600000|  0%| F|  |TAMS 0x0000000088500000, 0x0000000088500000| Untracked 
|  66|0x0000000088600000, 0x0000000088600000, 0x0000000088700000|  0%| F|  |TAMS 0x0000000088600000, 0x0000000088600000| Untracked 
|  67|0x0000000088700000, 0x0000000088700000, 0x0000000088800000|  0%| F|  |TAMS 0x0000000088700000, 0x0000000088700000| Untracked 
|  68|0x0000000088800000, 0x0000000088800000, 0x0000000088900000|  0%| F|  |TAMS 0x0000000088800000, 0x0000000088800000| Untracked 
|  69|0x0000000088900000, 0x0000000088900000, 0x0000000088a00000|  0%| F|  |TAMS 0x0000000088900000, 0x0000000088900000| Untracked 
|  70|0x0000000088a00000, 0x0000000088a00000, 0x0000000088b00000|  0%| F|  |TAMS 0x0000000088a00000, 0x0000000088a00000| Untracked 
|  71|0x0000000088b00000, 0x0000000088b00000, 0x0000000088c00000|  0%| F|  |TAMS 0x0000000088b00000, 0x0000000088b00000| Untracked 
|  72|0x0000000088c00000, 0x0000000088c00000, 0x0000000088d00000|  0%| F|  |TAMS 0x0000000088c00000, 0x0000000088c00000| Untracked 
|  73|0x0000000088d00000, 0x0000000088d00000, 0x0000000088e00000|  0%| F|  |TAMS 0x0000000088d00000, 0x0000000088d00000| Untracked 
|  74|0x0000000088e00000, 0x0000000088e00000, 0x0000000088f00000|  0%| F|  |TAMS 0x0000000088e00000, 0x0000000088e00000| Untracked 
|  75|0x0000000088f00000, 0x0000000088f00000, 0x0000000089000000|  0%| F|  |TAMS 0x0000000088f00000, 0x0000000088f00000| Untracked 
|  76|0x0000000089000000, 0x0000000089000000, 0x0000000089100000|  0%| F|  |TAMS 0x0000000089000000, 0x0000000089000000| Untracked 
|  77|0x0000000089100000, 0x0000000089100000, 0x0000000089200000|  0%| F|  |TAMS 0x0000000089100000, 0x0000000089100000| Untracked 
|  78|0x0000000089200000, 0x0000000089200000, 0x0000000089300000|  0%| F|  |TAMS 0x0000000089200000, 0x0000000089200000| Untracked 
|  79|0x0000000089300000, 0x0000000089300000, 0x0000000089400000|  0%| F|  |TAMS 0x0000000089300000, 0x0000000089300000| Untracked 
|  80|0x0000000089400000, 0x0000000089400000, 0x0000000089500000|  0%| F|  |TAMS 0x0000000089400000, 0x0000000089400000| Untracked 
|  81|0x0000000089500000, 0x0000000089500000, 0x0000000089600000|  0%| F|  |TAMS 0x0000000089500000, 0x0000000089500000| Untracked 
|  82|0x0000000089600000, 0x0000000089600000, 0x0000000089700000|  0%| F|  |TAMS 0x0000000089600000, 0x0000000089600000| Untracked 
|  83|0x0000000089700000, 0x0000000089700000, 0x0000000089800000|  0%| F|  |TAMS 0x0000000089700000, 0x0000000089700000| Untracked 
|  84|0x0000000089800000, 0x0000000089800000, 0x0000000089900000|  0%| F|  |TAMS 0x0000000089800000, 0x0000000089800000| Untracked 
|  85|0x0000000089900000, 0x0000000089900000, 0x0000000089a00000|  0%| F|  |TAMS 0x0000000089900000, 0x0000000089900000| Untracked 
|  86|0x0000000089a00000, 0x0000000089a00000, 0x0000000089b00000|  0%| F|  |TAMS 0x0000000089a00000, 0x0000000089a00000| Untracked 
|  87|0x0000000089b00000, 0x0000000089b00000, 0x0000000089c00000|  0%| F|  |TAMS 0x0000000089b00000, 0x0000000089b00000| Untracked 
|  88|0x0000000089c00000, 0x0000000089c00000, 0x0000000089d00000|  0%| F|  |TAMS 0x0000000089c00000, 0x0000000089c00000| Untracked 
|  89|0x0000000089d00000, 0x0000000089d00000, 0x0000000089e00000|  0%| F|  |TAMS 0x0000000089d00000, 0x0000000089d00000| Untracked 
|  90|0x0000000089e00000, 0x0000000089e00000, 0x0000000089f00000|  0%| F|  |TAMS 0x0000000089e00000, 0x0000000089e00000| Untracked 
|  91|0x0000000089f00000, 0x0000000089f00000, 0x000000008a000000|  0%| F|  |TAMS 0x0000000089f00000, 0x0000000089f00000| Untracked 
|  92|0x000000008a000000, 0x000000008a000000, 0x000000008a100000|  0%| F|  |TAMS 0x000000008a000000, 0x000000008a000000| Untracked 
|  93|0x000000008a100000, 0x000000008a100000, 0x000000008a200000|  0%| F|  |TAMS 0x000000008a100000, 0x000000008a100000| Untracked 
|  94|0x000000008a200000, 0x000000008a200000, 0x000000008a300000|  0%| F|  |TAMS 0x000000008a200000, 0x000000008a200000| Untracked 
|  95|0x000000008a300000, 0x000000008a300000, 0x000000008a400000|  0%| F|  |TAMS 0x000000008a300000, 0x000000008a300000| Untracked 
|  96|0x000000008a400000, 0x000000008a400000, 0x000000008a500000|  0%| F|  |TAMS 0x000000008a400000, 0x000000008a400000| Untracked 
|  97|0x000000008a500000, 0x000000008a500000, 0x000000008a600000|  0%| F|  |TAMS 0x000000008a500000, 0x000000008a500000| Untracked 
|  98|0x000000008a600000, 0x000000008a600000, 0x000000008a700000|  0%| F|  |TAMS 0x000000008a600000, 0x000000008a600000| Untracked 
|  99|0x000000008a700000, 0x000000008a700000, 0x000000008a800000|  0%| F|  |TAMS 0x000000008a700000, 0x000000008a700000| Untracked 
| 100|0x000000008a800000, 0x000000008a800000, 0x000000008a900000|  0%| F|  |TAMS 0x000000008a800000, 0x000000008a800000| Untracked 
| 101|0x000000008a900000, 0x000000008a900000, 0x000000008aa00000|  0%| F|  |TAMS 0x000000008a900000, 0x000000008a900000| Untracked 
| 102|0x000000008aa00000, 0x000000008aa00000, 0x000000008ab00000|  0%| F|  |TAMS 0x000000008aa00000, 0x000000008aa00000| Untracked 
| 103|0x000000008ab00000, 0x000000008abef898, 0x000000008ac00000| 93%| E|  |TAMS 0x000000008ab00000, 0x000000008ab00000| Complete 
| 104|0x000000008ac00000, 0x000000008ad00000, 0x000000008ad00000|100%| E|CS|TAMS 0x000000008ac00000, 0x000000008ac00000| Complete 
| 105|0x000000008ad00000, 0x000000008ae00000, 0x000000008ae00000|100%| E|CS|TAMS 0x000000008ad00000, 0x000000008ad00000| Complete 
| 106|0x000000008ae00000, 0x000000008af00000, 0x000000008af00000|100%| E|CS|TAMS 0x000000008ae00000, 0x000000008ae00000| Complete 
| 107|0x000000008af00000, 0x000000008b000000, 0x000000008b000000|100%| E|CS|TAMS 0x000000008af00000, 0x000000008af00000| Complete 
| 108|0x000000008b000000, 0x000000008b100000, 0x000000008b100000|100%| E|CS|TAMS 0x000000008b000000, 0x000000008b000000| Complete 
| 109|0x000000008b100000, 0x000000008b200000, 0x000000008b200000|100%| E|CS|TAMS 0x000000008b100000, 0x000000008b100000| Complete 
| 110|0x000000008b200000, 0x000000008b300000, 0x000000008b300000|100%| E|CS|TAMS 0x000000008b200000, 0x000000008b200000| Complete 
| 111|0x000000008b300000, 0x000000008b400000, 0x000000008b400000|100%| E|CS|TAMS 0x000000008b300000, 0x000000008b300000| Complete 
| 112|0x000000008b400000, 0x000000008b500000, 0x000000008b500000|100%| E|CS|TAMS 0x000000008b400000, 0x000000008b400000| Complete 
| 113|0x000000008b500000, 0x000000008b600000, 0x000000008b600000|100%| E|CS|TAMS 0x000000008b500000, 0x000000008b500000| Complete 
| 114|0x000000008b600000, 0x000000008b700000, 0x000000008b700000|100%| E|CS|TAMS 0x000000008b600000, 0x000000008b600000| Complete 
| 115|0x000000008b700000, 0x000000008b800000, 0x000000008b800000|100%| E|CS|TAMS 0x000000008b700000, 0x000000008b700000| Complete 
| 116|0x000000008b800000, 0x000000008b900000, 0x000000008b900000|100%| E|CS|TAMS 0x000000008b800000, 0x000000008b800000| Complete 
| 117|0x000000008b900000, 0x000000008ba00000, 0x000000008ba00000|100%| E|CS|TAMS 0x000000008b900000, 0x000000008b900000| Complete 
| 118|0x000000008ba00000, 0x000000008bb00000, 0x000000008bb00000|100%| E|CS|TAMS 0x000000008ba00000, 0x000000008ba00000| Complete 
| 119|0x000000008bb00000, 0x000000008bc00000, 0x000000008bc00000|100%| E|CS|TAMS 0x000000008bb00000, 0x000000008bb00000| Complete 
| 120|0x000000008bc00000, 0x000000008bd00000, 0x000000008bd00000|100%| E|CS|TAMS 0x000000008bc00000, 0x000000008bc00000| Complete 
| 121|0x000000008bd00000, 0x000000008be00000, 0x000000008be00000|100%| E|  |TAMS 0x000000008bd00000, 0x000000008bd00000| Complete 
| 122|0x000000008be00000, 0x000000008bf00000, 0x000000008bf00000|100%| E|CS|TAMS 0x000000008be00000, 0x000000008be00000| Complete 
| 123|0x000000008bf00000, 0x000000008c000000, 0x000000008c000000|100%| E|CS|TAMS 0x000000008bf00000, 0x000000008bf00000| Complete 

Card table byte_map: [0x0000022e99100000,0x0000022e994e0000] _byte_map_base: 0x0000022e98cde000

Marking Bits (Prev, Next): (CMBitMap*) 0x0000022effee7520, (CMBitMap*) 0x0000022effee7560
 Prev Bits: [0x0000022e998c0000, 0x0000022e9b7b0000)
 Next Bits: [0x0000022e9b7b0000, 0x0000022e9d6a0000)

Polling page: 0x0000022efff50000

Metaspace:

Usage:
  Non-class:      4.45 MB used.
      Class:    524.87 KB used.
       Both:      4.96 MB used.

Virtual space:
  Non-class space:       64.00 MB reserved,       4.56 MB (  7%) committed,  1 nodes.
      Class space:        1.00 GB reserved,     640.00 KB ( <1%) committed,  1 nodes.
             Both:        1.06 GB reserved,       5.19 MB ( <1%) committed. 

Chunk freelists:
   Non-Class:  2.87 MB
       Class:  3.24 MB
        Both:  6.11 MB

MaxMetaspaceSize: unlimited
CompressedClassSpaceSize: 1.00 GB
Initial GC threshold: 21.00 MB
Current GC threshold: 21.00 MB
CDS: on
MetaspaceReclaimPolicy: balanced
 - commit_granule_bytes: 65536.
 - commit_granule_words: 8192.
 - virtual_space_node_default_size: 8388608.
 - enlarge_chunks_in_place: 1.
 - new_chunks_are_fully_committed: 0.
 - uncommit_free_chunks: 1.
 - use_allocation_guard: 0.


Internal statistics:

num_allocs_failed_limit: 0.
num_arena_births: 130.
num_arena_deaths: 0.
num_vsnodes_births: 2.
num_vsnodes_deaths: 0.
num_space_committed: 83.
num_space_uncommitted: 0.
num_chunks_returned_to_freelist: 0.
num_chunks_taken_from_freelist: 135.
num_chunk_merges: 0.
num_chunk_splits: 95.
num_chunks_enlarged: 63.
num_inconsistent_stats: 0.

CodeHeap 'non-profiled nmethods': size=120000Kb used=208Kb max_used=208Kb free=119791Kb
 bounds [0x0000022e90d80000, 0x0000022e90ff0000, 0x0000022e982b0000]
CodeHeap 'profiled nmethods': size=120000Kb used=1233Kb max_used=1233Kb free=118766Kb
 bounds [0x0000022e892b0000, 0x0000022e89520000, 0x0000022e907e0000]
CodeHeap 'non-nmethods': size=5760Kb used=1321Kb max_used=1335Kb free=4438Kb
 bounds [0x0000022e907e0000, 0x0000022e90a50000, 0x0000022e90d80000]
 total_blobs=1274 nmethods=737 adapters=448
 compilation: enabled
              stopped_count=0, restarted_count=0
 full_count=0

Compilation events (20 events):
Event: 0.705 Thread 0x0000022ea00e52b0  727  s    3       sun.awt.image.InputStreamImageSource::doneDecoding (25 bytes)
Event: 0.706 Thread 0x0000022ea00e52b0 nmethod 727 0x0000022e893dcb10 code [0x0000022e893dccc0, 0x0000022e893dcf48]
Event: 0.706 Thread 0x0000022ea00e52b0  729       3       sun.awt.image.ImageWatched$WeakLink$$Lambda$146/0x00000008010c7b40::<init> (44 bytes)
Event: 0.706 Thread 0x0000022ea00e52b0 nmethod 729 0x0000022e893dd010 code [0x0000022e893dd1c0, 0x0000022e893dd3f8]
Event: 0.708 Thread 0x0000022ea00e52b0  730       3       sun.awt.image.ImageDecoder::setPixels (58 bytes)
Event: 0.710 Thread 0x0000022ea00e52b0 nmethod 730 0x0000022e893dd510 code [0x0000022e893dd700, 0x0000022e893dde48]
Event: 0.731 Thread 0x0000022ea00e52b0  731       3       java.util.zip.InflaterInputStream::ensureOpen (18 bytes)
Event: 0.732 Thread 0x0000022ea00e52b0 nmethod 731 0x0000022e893de190 code [0x0000022e893de340, 0x0000022e893de548]
Event: 0.751 Thread 0x0000022ea00e52b0  732       3       java.util.zip.Inflater::ensureOpen (47 bytes)
Event: 0.752 Thread 0x0000022ea00e52b0 nmethod 732 0x0000022e893de610 code [0x0000022e893de7c0, 0x0000022e893dea28]
Event: 0.753 Thread 0x0000022ea00e52b0  733   !   3       java.util.zip.Inflater::inflate (410 bytes)
Event: 0.757 Thread 0x0000022ea00e52b0 nmethod 733 0x0000022e893deb10 code [0x0000022e893dede0, 0x0000022e893e0008]
Event: 0.757 Thread 0x0000022ea00e52b0  735   !   3       java.util.zip.Inflater::finished (19 bytes)
Event: 0.758 Thread 0x0000022ea00e52b0 nmethod 735 0x0000022e893e0a90 code [0x0000022e893e0c40, 0x0000022e893e0e38]
Event: 0.775 Thread 0x0000022ea00e52b0  739   !   3       java.util.zip.InflaterInputStream::read (122 bytes)
Event: 0.777 Thread 0x0000022ea00e52b0 nmethod 739 0x0000022e893e0f10 code [0x0000022e893e11e0, 0x0000022e893e1f38]
Event: 0.777 Thread 0x0000022ea00e52b0  738       3       java.io.BufferedInputStream::getInIfOpen (21 bytes)
Event: 0.777 Thread 0x0000022ea00e52b0 nmethod 738 0x0000022e893e2510 code [0x0000022e893e26c0, 0x0000022e893e28c8]
Event: 0.777 Thread 0x0000022ea00e52b0  740       3       java.io.BufferedInputStream::fill (203 bytes)
Event: 0.779 Thread 0x0000022ea00e52b0 nmethod 740 0x0000022e893e2990 code [0x0000022e893e2c00, 0x0000022e893e3868]

GC Heap History (0 events):
No events

Dll operation events (7 events):
Event: 0.025 Loaded shared library C:\Program Files\Java\jdk-19\bin\java.dll
Event: 0.043 Loaded shared library C:\Program Files\Java\jdk-19\bin\jsvml.dll
Event: 0.118 Loaded shared library C:\Program Files\Java\jdk-19\bin\net.dll
Event: 0.123 Loaded shared library C:\Program Files\Java\jdk-19\bin\nio.dll
Event: 0.202 Loaded shared library C:\Program Files\Java\jdk-19\bin\jimage.dll
Event: 0.214 Loaded shared library C:\Program Files\Java\jdk-19\bin\zip.dll
Event: 0.235 Loaded shared library C:\Program Files\Java\jdk-19\bin\awt.dll

Deoptimization events (20 events):
Event: 0.383 Thread 0x0000022effe873c0 Uncommon trap: trap_request=0xffffff45 fr.pc=0x0000022e90d8c554 relative=0x00000000000001b4
Event: 0.383 Thread 0x0000022effe873c0 Uncommon trap: reason=unstable_if action=reinterpret pc=0x0000022e90d8c554 method=java.lang.String.hashCode()I @ 20 c2
Event: 0.383 Thread 0x0000022effe873c0 DEOPT PACKING pc=0x0000022e90d8c554 sp=0x000000fd8e5fda40
Event: 0.384 Thread 0x0000022effe873c0 DEOPT UNPACKING pc=0x0000022e9084a5a3 sp=0x000000fd8e5fd9d0 mode 2
Event: 0.472 Thread 0x0000022effe873c0 Uncommon trap: trap_request=0xffffffc6 fr.pc=0x0000022e90da1058 relative=0x0000000000000b98
Event: 0.472 Thread 0x0000022effe873c0 Uncommon trap: reason=bimorphic_or_optimized_type_check action=maybe_recompile pc=0x0000022e90da1058 method=java.util.HashMap.putVal(ILjava/lang/Object;Ljava/lang/Object;ZZ)Ljava/lang/Object; @ 56 c2
Event: 0.472 Thread 0x0000022effe873c0 DEOPT PACKING pc=0x0000022e90da1058 sp=0x000000fd8e5feea0
Event: 0.472 Thread 0x0000022effe873c0 DEOPT UNPACKING pc=0x0000022e9084a5a3 sp=0x000000fd8e5fee28 mode 2
Event: 0.472 Thread 0x0000022effe873c0 Uncommon trap: trap_request=0xffffffc6 fr.pc=0x0000022e90da1058 relative=0x0000000000000b98
Event: 0.472 Thread 0x0000022effe873c0 Uncommon trap: reason=bimorphic_or_optimized_type_check action=maybe_recompile pc=0x0000022e90da1058 method=java.util.HashMap.putVal(ILjava/lang/Object;Ljava/lang/Object;ZZ)Ljava/lang/Object; @ 56 c2
Event: 0.472 Thread 0x0000022effe873c0 DEOPT PACKING pc=0x0000022e90da1058 sp=0x000000fd8e5feea0
Event: 0.472 Thread 0x0000022effe873c0 DEOPT UNPACKING pc=0x0000022e9084a5a3 sp=0x000000fd8e5fee28 mode 2
Event: 0.472 Thread 0x0000022effe873c0 Uncommon trap: trap_request=0xffffffc6 fr.pc=0x0000022e90da1058 relative=0x0000000000000b98
Event: 0.472 Thread 0x0000022effe873c0 Uncommon trap: reason=bimorphic_or_optimized_type_check action=maybe_recompile pc=0x0000022e90da1058 method=java.util.HashMap.putVal(ILjava/lang/Object;Ljava/lang/Object;ZZ)Ljava/lang/Object; @ 56 c2
Event: 0.472 Thread 0x0000022effe873c0 DEOPT PACKING pc=0x0000022e90da1058 sp=0x000000fd8e5feea0
Event: 0.472 Thread 0x0000022effe873c0 DEOPT UNPACKING pc=0x0000022e9084a5a3 sp=0x000000fd8e5fee28 mode 2
Event: 0.472 Thread 0x0000022effe873c0 Uncommon trap: trap_request=0xffffffc6 fr.pc=0x0000022e90da1058 relative=0x0000000000000b98
Event: 0.472 Thread 0x0000022effe873c0 Uncommon trap: reason=bimorphic_or_optimized_type_check action=maybe_recompile pc=0x0000022e90da1058 method=java.util.HashMap.putVal(ILjava/lang/Object;Ljava/lang/Object;ZZ)Ljava/lang/Object; @ 56 c2
Event: 0.472 Thread 0x0000022effe873c0 DEOPT PACKING pc=0x0000022e90da1058 sp=0x000000fd8e5feea0
Event: 0.473 Thread 0x0000022effe873c0 DEOPT UNPACKING pc=0x0000022e9084a5a3 sp=0x000000fd8e5fee28 mode 2

Classes loaded (20 events):
Event: 0.596 Loading class sun/awt/image/SunWritableRaster
Event: 0.596 Loading class java/awt/image/WritableRaster
Event: 0.596 Loading class java/awt/image/WritableRaster done
Event: 0.596 Loading class sun/awt/image/SunWritableRaster done
Event: 0.616 Loading class java/awt/image/SinglePixelPackedSampleModel
Event: 0.616 Loading class java/awt/image/SampleModel
Event: 0.617 Loading class java/awt/image/SampleModel done
Event: 0.617 Loading class java/awt/image/SinglePixelPackedSampleModel done
Event: 0.617 Loading class sun/awt/image/IntegerInterleavedRaster
Event: 0.617 Loading class sun/awt/image/IntegerComponentRaster
Event: 0.617 Loading class sun/awt/image/IntegerComponentRaster done
Event: 0.618 Loading class sun/awt/image/IntegerInterleavedRaster done
Event: 0.619 Loading class java/awt/image/BufferedImage
Event: 0.620 Loading class java/awt/image/WritableRenderedImage
Event: 0.620 Loading class java/awt/image/RenderedImage
Event: 0.620 Loading class java/awt/image/RenderedImage done
Event: 0.620 Loading class java/awt/image/WritableRenderedImage done
Event: 0.620 Loading class java/awt/image/BufferedImage done
Event: 0.620 Loading class java/awt/image/BufferedImage$1
Event: 0.620 Loading class java/awt/image/BufferedImage$1 done

Classes unloaded (0 events):
No events

Classes redefined (0 events):
No events

Internal exceptions (13 events):
Event: 0.142 Thread 0x0000022effe873c0 Exception <a 'java/lang/NoSuchMethodError'{0x000000008be70ac8}: 'void java.lang.invoke.DirectMethodHandle$Holder.invokeVirtual(java.lang.Object, java.lang.Object)'> (0x000000008be70ac8) 
thrown [s\open\src\hotspot\share\interpreter\linkResolver.cpp, line 774]
Event: 0.204 Thread 0x0000022effe873c0 Exception <a 'sun/nio/fs/WindowsException'{0x000000008bdbc9d8}> (0x000000008bdbc9d8) 
thrown [s\open\src\hotspot\share\prims\jni.cpp, line 517]
Event: 0.220 Thread 0x0000022effe873c0 Exception <a 'java/lang/ClassNotFoundException'{0x000000008bdd33a0}: sun/awt/resources/spi/awtProvider> (0x000000008bdd33a0) 
thrown [s\open\src\hotspot\share\classfile\systemDictionary.cpp, line 255]
Event: 0.254 Thread 0x0000022effe873c0 Exception <a 'java/io/FileNotFoundException'{0x000000008bc5d1f0}> (0x000000008bc5d1f0) 
thrown [s\open\src\hotspot\share\prims\jni.cpp, line 517]
Event: 0.264 Thread 0x0000022effe873c0 Exception <a 'java/io/FileNotFoundException'{0x000000008bc898b8}> (0x000000008bc898b8) 
thrown [s\open\src\hotspot\share\prims\jni.cpp, line 517]
Event: 0.331 Thread 0x0000022effe873c0 Exception <a 'java/lang/NoSuchMethodError'{0x000000008bccef88}: 'java.lang.Object java.lang.invoke.DirectMethodHandle$Holder.invokeStaticInit(java.lang.Object)'> (0x000000008bccef88) 
thrown [s\open\src\hotspot\share\interpreter\linkResolver.cpp, line 774]
Event: 0.402 Thread 0x0000022effe873c0 Exception <a 'java/lang/NoSuchMethodError'{0x000000008ba0ff78}: 'void java.lang.invoke.DirectMethodHandle$Holder.invokeSpecial(java.lang.Object, java.lang.Object, java.lang.Object)'> (0x000000008ba0ff78) 
thrown [s\open\src\hotspot\share\interpreter\linkResolver.cpp, line 774]
Event: 0.416 Thread 0x0000022effe873c0 Exception <a 'java/lang/NoSuchMethodError'{0x000000008ba3aa10}: 'java.lang.Object java.lang.invoke.DirectMethodHandle$Holder.newInvokeSpecial(java.lang.Object, java.lang.Object, java.lang.Object, java.lang.Object, java.lang.Object)'> (0x000000008ba3aa10) 
thrown [s\open\src\hotspot\share\interpreter\linkResolver.cpp, line 774]
Event: 0.427 Thread 0x0000022effe873c0 Exception <a 'java/lang/NoSuchMethodError'{0x000000008ba6c180}: 'java.lang.Object java.lang.invoke.DirectMethodHandle$Holder.invokeStatic(java.lang.Object, int, java.lang.Object)'> (0x000000008ba6c180) 
thrown [s\open\src\hotspot\share\interpreter\linkResolver.cpp, line 774]
Event: 0.471 Thread 0x0000022effe873c0 Exception <a 'java/lang/ClassNotFoundException'{0x000000008b928298}: com/sun/swing/internal/plaf/metal/resources/spi/metalProvider> (0x000000008b928298) 
thrown [s\open\src\hotspot\share\classfile\systemDictionary.cpp, line 255]
Event: 0.473 Thread 0x0000022effe873c0 Exception <a 'java/lang/ClassNotFoundException'{0x000000008b92c218}: com/sun/swing/internal/plaf/basic/resources/spi/basicProvider> (0x000000008b92c218) 
thrown [s\open\src\hotspot\share\classfile\systemDictionary.cpp, line 255]
Event: 0.488 Thread 0x0000022effe873c0 Exception <a 'java/lang/NoSuchMethodError'{0x000000008b94bf30}: 'int java.lang.invoke.Invokers$Holder.invokeExact_MT(java.lang.Object, java.lang.Object)'> (0x000000008b94bf30) 
thrown [s\open\src\hotspot\share\interpreter\linkResolver.cpp, line 774]
Event: 0.592 Thread 0x0000022ea00e08b0 Exception <a 'java/lang/NoSuchMethodError'{0x000000008b8a2b78}: 'java.lang.Object java.lang.invoke.DirectMethodHandle$Holder.newInvokeSpecial(java.lang.Object, java.lang.Object, java.lang.Object, int, int, int, int, int)'> (0x000000008b8a2b78) 
thrown [s\open\src\hotspot\share\interpreter\linkResolver.cpp, line 774]

VM Operations (6 events):
Event: 0.171 Executing VM operation: HandshakeAllThreads
Event: 0.171 Executing VM operation: HandshakeAllThreads done
Event: 0.278 Executing VM operation: HandshakeAllThreads
Event: 0.278 Executing VM operation: HandshakeAllThreads done
Event: 0.580 Executing VM operation: HandshakeAllThreads
Event: 0.581 Executing VM operation: HandshakeAllThreads done

Events (16 events):
Event: 0.043 Thread 0x0000022effe873c0 Thread added: 0x0000022effe873c0
Event: 0.074 Thread 0x0000022ea00c6c90 Thread added: 0x0000022ea00c6c90
Event: 0.074 Thread 0x0000022ea00c8f10 Thread added: 0x0000022ea00c8f10
Event: 0.075 Thread 0x0000022ea00cc5e0 Thread added: 0x0000022ea00cc5e0
Event: 0.075 Thread 0x0000022ea00cd000 Thread added: 0x0000022ea00cd000
Event: 0.075 Thread 0x0000022ea00ce500 Thread added: 0x0000022ea00ce500
Event: 0.075 Thread 0x0000022ea00e1df0 Thread added: 0x0000022ea00e1df0
Event: 0.076 Thread 0x0000022ea00e3df0 Thread added: 0x0000022ea00e3df0
Event: 0.076 Thread 0x0000022ea00e52b0 Thread added: 0x0000022ea00e52b0
Event: 0.076 Thread 0x0000022ea00df8c0 Thread added: 0x0000022ea00df8c0
Event: 0.110 Thread 0x0000022ea00e2340 Thread added: 0x0000022ea00e2340
Event: 0.185 Thread 0x0000022ea00dee20 Thread added: 0x0000022ea00dee20
Event: 0.332 Thread 0x0000022ea00dfe10 Thread added: 0x0000022ea00dfe10
Event: 0.333 Thread 0x0000022ea00e0360 Thread added: 0x0000022ea00e0360
Event: 0.335 Thread 0x0000022ea00df370 Thread added: 0x0000022ea00df370
Event: 0.499 Thread 0x0000022ea00e08b0 Thread added: 0x0000022ea00e08b0


Dynamic libraries:
0x00007ff728230000 - 0x00007ff728240000 	C:\Program Files\Java\jdk-19\bin\javaw.exe
0x00007ffa12090000 - 0x00007ffa122a4000 	C:\WINDOWS\SYSTEM32\ntdll.dll
0x00007ffa10e50000 - 0x00007ffa10f12000 	C:\WINDOWS\System32\KERNEL32.DLL
0x00007ffa0f800000 - 0x00007ffa0fb9c000 	C:\WINDOWS\System32\KERNELBASE.dll
0x00007ffa0fba0000 - 0x00007ffa0fcb1000 	C:\WINDOWS\System32\ucrtbase.dll
0x00007ff9f7b30000 - 0x00007ff9f7b4b000 	C:\Program Files\Java\jdk-19\bin\VCRUNTIME140.dll
0x00007ff9f7b50000 - 0x00007ff9f7b68000 	C:\Program Files\Java\jdk-19\bin\jli.dll
0x00007ffa11fa0000 - 0x00007ffa1204e000 	C:\WINDOWS\System32\ADVAPI32.dll
0x00007ffa11150000 - 0x00007ffa111f7000 	C:\WINDOWS\System32\msvcrt.dll
0x00007ffa0ffc0000 - 0x00007ffa10064000 	C:\WINDOWS\System32\sechost.dll
0x00007ffa11320000 - 0x00007ffa11437000 	C:\WINDOWS\System32\RPCRT4.dll
0x00007ffa10fa0000 - 0x00007ffa1114b000 	C:\WINDOWS\System32\USER32.dll
0x00007ffa0f7d0000 - 0x00007ffa0f7f6000 	C:\WINDOWS\System32\win32u.dll
0x00007ffa0fea0000 - 0x00007ffa0fec9000 	C:\WINDOWS\System32\GDI32.dll
0x00007ff9e58b0000 - 0x00007ff9e5b3e000 	C:\WINDOWS\WinSxS\amd64_microsoft.windows.common-controls_6595b64144ccf1df_6.0.22621.608_none_a9444ca7c10bb01d\COMCTL32.dll
0x00007ffa0f6b0000 - 0x00007ffa0f7c3000 	C:\WINDOWS\System32\gdi32full.dll
0x00007ffa0f610000 - 0x00007ffa0f6aa000 	C:\WINDOWS\System32\msvcp_win.dll
0x00007ffa0ccf0000 - 0x00007ffa0ccfa000 	C:\WINDOWS\SYSTEM32\VERSION.dll
0x00007ffa11f60000 - 0x00007ffa11f91000 	C:\WINDOWS\System32\IMM32.DLL
0x00007ffa09de0000 - 0x00007ffa09dec000 	C:\Program Files\Java\jdk-19\bin\vcruntime140_1.dll
0x00007ff9c9ff0000 - 0x00007ff9ca07e000 	C:\Program Files\Java\jdk-19\bin\msvcp140.dll
0x00007ff99c430000 - 0x00007ff99d0f0000 	C:\Program Files\Java\jdk-19\bin\server\jvm.dll
0x00007ffa041e0000 - 0x00007ffa04214000 	C:\WINDOWS\SYSTEM32\WINMM.dll
0x00007ff9ef3f0000 - 0x00007ff9ef3f9000 	C:\WINDOWS\SYSTEM32\WSOCK32.dll
0x00007ffa10f20000 - 0x00007ffa10f91000 	C:\WINDOWS\System32\WS2_32.dll
0x00007ffa0e610000 - 0x00007ffa0e628000 	C:\WINDOWS\SYSTEM32\kernel.appcore.dll
0x00007ff9fa3c0000 - 0x00007ff9fa3ca000 	C:\Program Files\Java\jdk-19\bin\jimage.dll
0x00007ffa0ca50000 - 0x00007ffa0cc7e000 	C:\WINDOWS\SYSTEM32\DBGHELP.DLL
0x00007ffa108f0000 - 0x00007ffa10c79000 	C:\WINDOWS\System32\combase.dll
0x00007ffa0fed0000 - 0x00007ffa0ffa7000 	C:\WINDOWS\System32\OLEAUT32.dll
0x00007ff9f6f50000 - 0x00007ff9f6f82000 	C:\WINDOWS\SYSTEM32\dbgcore.DLL
0x00007ffa0f4d0000 - 0x00007ffa0f54b000 	C:\WINDOWS\System32\bcryptPrimitives.dll
0x00007ff9f9b70000 - 0x00007ff9f9b96000 	C:\Program Files\Java\jdk-19\bin\java.dll
0x00007ff9d1b40000 - 0x00007ff9d1c17000 	C:\Program Files\Java\jdk-19\bin\jsvml.dll
0x00007ffa10070000 - 0x00007ffa10860000 	C:\WINDOWS\System32\SHELL32.dll
0x00007ffa0d4e0000 - 0x00007ffa0ddad000 	C:\WINDOWS\SYSTEM32\windows.storage.dll
0x00007ffa0d3a0000 - 0x00007ffa0d4de000 	C:\WINDOWS\SYSTEM32\wintypes.dll
0x00007ffa11e60000 - 0x00007ffa11f51000 	C:\WINDOWS\System32\SHCORE.dll
0x00007ffa11b00000 - 0x00007ffa11b5e000 	C:\WINDOWS\System32\shlwapi.dll
0x00007ffa0f400000 - 0x00007ffa0f421000 	C:\WINDOWS\SYSTEM32\profapi.dll
0x00007ff9fa150000 - 0x00007ff9fa163000 	C:\Program Files\Java\jdk-19\bin\net.dll
0x00007ffa08e70000 - 0x00007ffa08fa7000 	C:\WINDOWS\SYSTEM32\WINHTTP.dll
0x00007ffa0ea80000 - 0x00007ffa0eae9000 	C:\WINDOWS\system32\mswsock.dll
0x00007ff9f87b0000 - 0x00007ff9f87c6000 	C:\Program Files\Java\jdk-19\bin\nio.dll
0x00007ff9f7d10000 - 0x00007ff9f7d28000 	C:\Program Files\Java\jdk-19\bin\zip.dll
0x00007ff9bfcd0000 - 0x00007ff9bfe61000 	C:\Program Files\Java\jdk-19\bin\awt.dll
0x00007ffa0bd30000 - 0x00007ffa0bdc6000 	C:\WINDOWS\SYSTEM32\apphelp.dll
0x00007ffa0c4e0000 - 0x00007ffa0c50b000 	C:\WINDOWS\system32\DWMAPI.DLL
0x00007ffa0c290000 - 0x00007ffa0c33b000 	C:\WINDOWS\system32\uxtheme.dll
0x00007ff9f5930000 - 0x00007ff9f5a30000 	C:\WINDOWS\system32\opengl32.dll
0x00007ff9f5e80000 - 0x00007ff9f5ead000 	C:\WINDOWS\SYSTEM32\GLU32.dll
0x00007ffa0c390000 - 0x00007ffa0c3c6000 	C:\WINDOWS\SYSTEM32\dxcore.dll
0x00007ffa11200000 - 0x00007ffa1131e000 	C:\WINDOWS\System32\MSCTF.dll
0x00007ffa11bf0000 - 0x00007ffa11d8c000 	C:\WINDOWS\System32\ole32.dll

dbghelp: loaded successfully - version: 4.0.5 - missing functions: none
symbol engine: initialized successfully - sym options: 0x614 - pdb path: .;C:\Program Files\Java\jdk-19\bin;C:\WINDOWS\SYSTEM32;C:\WINDOWS\WinSxS\amd64_microsoft.windows.common-controls_6595b64144ccf1df_6.0.22621.608_none_a9444ca7c10bb01d;C:\Program Files\Java\jdk-19\bin\server

VM Arguments:
jvm_args: -Dfile.encoding=UTF-8 --module-path=C:\Users\wjdth\git\1st-project\project\bin -XX:+ShowCodeDetailsInExceptionMessages -Djdk.module.main=project 
java_command: project/mainsearch.MainFrame2
java_class_path (initial): C:\app\Administrator\product\21c\dbhomeXE\jdbc\lib\ojdbc8.jar
Launcher Type: SUN_STANDARD

[Global flags]
     intx CICompilerCount                          = 4                                         {product} {ergonomic}
     uint ConcGCThreads                            = 2                                         {product} {ergonomic}
     uint G1ConcRefinementThreads                  = 8                                         {product} {ergonomic}
   size_t G1HeapRegionSize                         = 1048576                                   {product} {ergonomic}
    uintx GCDrainStackTargetSize                   = 64                                        {product} {ergonomic}
   size_t InitialHeapSize                          = 130023424                                 {product} {ergonomic}
   size_t MarkStackSize                            = 4194304                                   {product} {ergonomic}
   size_t MaxHeapSize                              = 2076180480                                {product} {ergonomic}
   size_t MaxNewSize                               = 1245708288                                {product} {ergonomic}
   size_t MinHeapDeltaBytes                        = 1048576                                   {product} {ergonomic}
   size_t MinHeapSize                              = 8388608                                   {product} {ergonomic}
    uintx NonNMethodCodeHeapSize                   = 5839372                                {pd product} {ergonomic}
    uintx NonProfiledCodeHeapSize                  = 122909434                              {pd product} {ergonomic}
    uintx ProfiledCodeHeapSize                     = 122909434                              {pd product} {ergonomic}
    uintx ReservedCodeCacheSize                    = 251658240                              {pd product} {ergonomic}
     bool SegmentedCodeCache                       = true                                      {product} {ergonomic}
     bool ShowCodeDetailsInExceptionMessages       = true                                   {manageable} {command line}
   size_t SoftMaxHeapSize                          = 2076180480                             {manageable} {ergonomic}
     bool UseCompressedClassPointers               = true                           {product lp64_product} {ergonomic}
     bool UseCompressedOops                        = true                           {product lp64_product} {ergonomic}
     bool UseG1GC                                  = true                                      {product} {ergonomic}
     bool UseLargePagesIndividualAllocation        = false                                  {pd product} {ergonomic}

Logging:
Log output configuration:
 #0: stdout all=warning uptime,level,tags foldmultilines=false
 #1: stderr all=off uptime,level,tags foldmultilines=false

Environment Variables:
PATH=C:/Program Files/Java/jdk-19/bin/server;C:/Program Files/Java/jdk-19/bin;C:\app\Administrator\product\21c\dbhomeXE\bin;C:\Program Files\Common Files\Oracle\Java\javapath;C:\WINDOWS\system32;C:\WINDOWS;C:\WINDOWS\System32\Wbem;C:\WINDOWS\System32\WindowsPowerShell\v1.0\;C:\WINDOWS\System32\OpenSSH\;C:\Users\wjdth\AppData\Local\Programs\Python\Python311\Scripts\;C:\Users\wjdth\AppData\Local\Programs\Python\Python311\;C:\Users\wjdth\anaconda3;C:\Users\wjdth\anaconda3\Library\mingw-w64\bin;C:\Users\wjdth\anaconda3\Library\usr\bin;C:\Users\wjdth\anaconda3\Library\bin;C:\Users\wjdth\anaconda3\Scripts;C:\Users\wjdth\AppData\Local\Microsoft\WindowsApps;C:\Users\wjdth\AppData\Local\GitHubDesktop\bin;C:\Users\wjdth\AppData\Local\Programs\Git\cmd;C:\Users\wjdth\Desktop;
USERNAME=thgml
OS=Windows_NT
PROCESSOR_IDENTIFIER=Intel64 Family 6 Model 140 Stepping 1, GenuineIntel
TMP=C:\Users\wjdth\AppData\Local\Temp
TEMP=C:\Users\wjdth\AppData\Local\Temp



---------------  S Y S T E M  ---------------

OS:
 Windows 11 , 64 bit Build 22621 (10.0.22621.1485)
OS uptime: 8 days 9:29 hours

CPU: total 8 (initial active 8) (4 cores per cpu, 2 threads per core) family 6 model 140 stepping 1 microcode 0x8a, cx8, cmov, fxsr, ht, mmx, 3dnowpref, sse, sse2, sse3, ssse3, sse4.1, sse4.2, popcnt, lzcnt, tsc, tscinvbit, avx, avx2, aes, erms, clmul, bmi1, bmi2, adx, avx512f, avx512dq, avx512cd, avx512bw, avx512vl, sha, fma, vzeroupper, avx512_vpopcntdq, avx512_vpclmulqdq, avx512_vaes, avx512_vnni, clflush, clflushopt, clwb, avx512_vbmi2, avx512_vbmi, rdtscp, rdpid, fsrm, gfni, avx512_bitalg

Memory: 4k page, system-wide physical 7915M (441M free)
TotalPageFile size 32491M (AvailPageFile size 0M)
current process WorkingSet (physical memory assigned to process): 84M, peak: 84M
current process commit charge ("private bytes"): 217M, peak: 218M

vm_info: Java HotSpot(TM) 64-Bit Server VM (19.0.2+7-44) for windows-amd64 JRE (19.0.2+7-44), built on 2022-11-30T18:02:09Z by "mach5one" with MS VC++ 17.1 (VS2022)

END.
